# JRE version: Java(TM) SE Runtime Environment (8.0_25-b17) (build 1.8.0_25-b17)
# Java VM: Java HotSpot(TM) 64-Bit Server VM (25.25-b02 mixed mode bsd-amd64 compressed oops)
Heap:
 PSYoungGen      total 25088K, used 14105K [0x00000007aab00000, 0x00000007acc00000, 0x00000007c0000000)
  eden space 16384K, 85% used [0x00000007aab00000,0x00000007ab8ae550,0x00000007abb00000)
  from space 8704K, 1% used [0x00000007ac380000,0x00000007ac398000,0x00000007acc00000)
  to   space 8704K, 0% used [0x00000007abb00000,0x00000007abb00000,0x00000007ac380000)
 ParOldGen       total 44032K, used 11057K [0x0000000780000000, 0x0000000782b00000, 0x00000007aab00000)
  object space 44032K, 25% used [0x0000000780000000,0x0000000780acc790,0x0000000782b00000)
 Metaspace       used 17595K, capacity 18266K, committed 18560K, reserved 1064960K
  class space    used 2414K, capacity 2582K, committed 2688K, reserved 1048576K
GC Heap History (10 events):
Event: 912.158 GC heap before
{Heap before GC invocations=4 (full 0):
 PSYoungGen      total 18944K, used 18928K [0x00000007aab00000, 0x00000007ac000000, 0x00000007c0000000)
  eden space 16384K, 100% used [0x00000007aab00000,0x00000007abb00000,0x00000007abb00000)
  from space 2560K, 99% used [0x00000007abb00000,0x00000007abd7c050,0x00000007abd80000)
  to   space 2560K, 0% used [0x00000007abd80000,0x00000007abd80000,0x00000007ac000000)
 ParOldGen       total 44032K, used 8563K [0x0000000780000000, 0x0000000782b00000, 0x00000007aab00000)
  object space 44032K, 19% used [0x0000000780000000,0x000000078085ccf8,0x0000000782b00000)
 Metaspace       used 17210K, capacity 17820K, committed 17920K, reserved 1064960K
  class space    used 2378K, capacity 2543K, committed 2560K, reserved 1048576K
Event: 912.230 GC heap after
Heap after GC invocations=4 (full 0):
 PSYoungGen      total 18944K, used 2528K [0x00000007aab00000, 0x00000007ac000000, 0x00000007c0000000)
  eden space 16384K, 0% used [0x00000007aab00000,0x00000007aab00000,0x00000007abb00000)
  from space 2560K, 98% used [0x00000007abd80000,0x00000007abff8040,0x00000007ac000000)
  to   space 2560K, 0% used [0x00000007abb00000,0x00000007abb00000,0x00000007abd80000)
 ParOldGen       total 44032K, used 8659K [0x0000000780000000, 0x0000000782b00000, 0x00000007aab00000)
  object space 44032K, 19% used [0x0000000780000000,0x0000000780874cf8,0x0000000782b00000)
 Metaspace       used 17210K, capacity 17820K, committed 17920K, reserved 1064960K
  class space    used 2378K, capacity 2543K, committed 2560K, reserved 1048576K
}
Event: 1431.372 GC heap before
{Heap before GC invocations=5 (full 0):
 PSYoungGen      total 18944K, used 18912K [0x00000007aab00000, 0x00000007ac000000, 0x00000007c0000000)
  eden space 16384K, 100% used [0x00000007aab00000,0x00000007abb00000,0x00000007abb00000)
  from space 2560K, 98% used [0x00000007abd80000,0x00000007abff8040,0x00000007ac000000)
  to   space 2560K, 0% used [0x00000007abb00000,0x00000007abb00000,0x00000007abd80000)
 ParOldGen       total 44032K, used 8659K [0x0000000780000000, 0x0000000782b00000, 0x00000007aab00000)
  object space 44032K, 19% used [0x0000000780000000,0x0000000780874cf8,0x0000000782b00000)
 Metaspace       used 17210K, capacity 17820K, committed 17920K, reserved 1064960K
  class space    used 2378K, capacity 2543K, committed 2560K, reserved 1048576K
Event: 1431.410 GC heap after
Heap after GC invocations=5 (full 0):
 PSYoungGen      total 18944K, used 2528K [0x00000007aab00000, 0x00000007acc00000, 0x00000007c0000000)
  eden space 16384K, 0% used [0x00000007aab00000,0x00000007aab00000,0x00000007abb00000)
  from space 2560K, 98% used [0x00000007abb00000,0x00000007abd78020,0x00000007abd80000)
  to   space 8704K, 0% used [0x00000007ac380000,0x00000007ac380000,0x00000007acc00000)
 ParOldGen       total 44032K, used 8691K [0x0000000780000000, 0x0000000782b00000, 0x00000007aab00000)
  object space 44032K, 19% used [0x0000000780000000,0x000000078087ccf8,0x0000000782b00000)
 Metaspace       used 17210K, capacity 17820K, committed 17920K, reserved 1064960K
  class space    used 2378K, capacity 2543K, committed 2560K, reserved 1048576K
}
Event: 1933.359 GC heap before
{Heap before GC invocations=6 (full 0):
 PSYoungGen      total 18944K, used 18912K [0x00000007aab00000, 0x00000007acc00000, 0x00000007c0000000)
  eden space 16384K, 100% used [0x00000007aab00000,0x00000007abb00000,0x00000007abb00000)
  from space 2560K, 98% used [0x00000007abb00000,0x00000007abd78020,0x00000007abd80000)
  to   space 8704K, 0% used [0x00000007ac380000,0x00000007ac380000,0x00000007acc00000)
 ParOldGen       total 44032K, used 8691K [0x0000000780000000, 0x0000000782b00000, 0x00000007aab00000)
  object space 44032K, 19% used [0x0000000780000000,0x000000078087ccf8,0x0000000782b00000)
 Metaspace       used 17210K, capacity 17820K, committed 17920K, reserved 1064960K
  class space    used 2378K, capacity 2543K, committed 2560K, reserved 1048576K
Event: 1933.435 GC heap after
Heap after GC invocations=6 (full 0):
 PSYoungGen      total 25088K, used 2400K [0x00000007aab00000, 0x00000007acc00000, 0x00000007c0000000)
  eden space 16384K, 0% used [0x00000007aab00000,0x00000007aab00000,0x00000007abb00000)
  from space 8704K, 27% used [0x00000007ac380000,0x00000007ac5d8020,0x00000007acc00000)
  to   space 8704K, 0% used [0x00000007abb00000,0x00000007abb00000,0x00000007ac380000)
 ParOldGen       total 44032K, used 8691K [0x0000000780000000, 0x0000000782b00000, 0x00000007aab00000)
  object space 44032K, 19% used [0x0000000780000000,0x000000078087ccf8,0x0000000782b00000)
 Metaspace       used 17210K, capacity 17820K, committed 17920K, reserved 1064960K
  class space    used 2378K, capacity 2543K, committed 2560K, reserved 1048576K
}
Event: 2457.135 GC heap before
{Heap before GC invocations=7 (full 0):
 PSYoungGen      total 25088K, used 18784K [0x00000007aab00000, 0x00000007acc00000, 0x00000007c0000000)
  eden space 16384K, 100% used [0x00000007aab00000,0x00000007abb00000,0x00000007abb00000)
  from space 8704K, 27% used [0x00000007ac380000,0x00000007ac5d8020,0x00000007acc00000)
  to   space 8704K, 0% used [0x00000007abb00000,0x00000007abb00000,0x00000007ac380000)
 ParOldGen       total 44032K, used 8691K [0x0000000780000000, 0x0000000782b00000, 0x00000007aab00000)
  object space 44032K, 19% used [0x0000000780000000,0x000000078087ccf8,0x0000000782b00000)
 Metaspace       used 17210K, capacity 17820K, committed 17920K, reserved 1064960K
  class space    used 2378K, capacity 2543K, committed 2560K, reserved 1048576K
Event: 2457.209 GC heap after
Heap after GC invocations=7 (full 0):
 PSYoungGen      total 25088K, used 224K [0x00000007aab00000, 0x00000007acc00000, 0x00000007c0000000)
  eden space 16384K, 0% used [0x00000007aab00000,0x00000007aab00000,0x00000007abb00000)
  from space 8704K, 2% used [0x00000007abb00000,0x00000007abb38000,0x00000007ac380000)
  to   space 8704K, 0% used [0x00000007ac380000,0x00000007ac380000,0x00000007acc00000)
 ParOldGen       total 44032K, used 10889K [0x0000000780000000, 0x0000000782b00000, 0x00000007aab00000)
  object space 44032K, 24% used [0x0000000780000000,0x0000000780aa2790,0x0000000782b00000)
 Metaspace       used 17210K, capacity 17820K, committed 17920K, reserved 1064960K
  class space    used 2378K, capacity 2543K, committed 2560K, reserved 1048576K
}
Event: 3030.573 GC heap before
{Heap before GC invocations=8 (full 0):
 PSYoungGen      total 25088K, used 16608K [0x00000007aab00000, 0x00000007acc00000, 0x00000007c0000000)
  eden space 16384K, 100% used [0x00000007aab00000,0x00000007abb00000,0x00000007abb00000)
  from space 8704K, 2% used [0x00000007abb00000,0x00000007abb38000,0x00000007ac380000)
  to   space 8704K, 0% used [0x00000007ac380000,0x00000007ac380000,0x00000007acc00000)
 ParOldGen       total 44032K, used 10889K [0x0000000780000000, 0x0000000782b00000, 0x00000007aab00000)
  object space 44032K, 24% used [0x0000000780000000,0x0000000780aa2790,0x0000000782b00000)
 Metaspace       used 17210K, capacity 17820K, committed 17920K, reserved 1064960K
  class space    used 2378K, capacity 2543K, committed 2560K, reserved 1048576K
Event: 3030.600 GC heap after
Heap after GC invocations=8 (full 0):
 PSYoungGen      total 25088K, used 96K [0x00000007aab00000, 0x00000007acc00000, 0x00000007c0000000)
  eden space 16384K, 0% used [0x00000007aab00000,0x00000007aab00000,0x00000007abb00000)
  from space 8704K, 1% used [0x00000007ac380000,0x00000007ac398000,0x00000007acc00000)
  to   space 8704K, 0% used [0x00000007abb00000,0x00000007abb00000,0x00000007ac380000)
 ParOldGen       total 44032K, used 11057K [0x0000000780000000, 0x0000000782b00000, 0x00000007aab00000)
  object space 44032K, 25% used [0x0000000780000000,0x0000000780acc790,0x0000000782b00000)
 Metaspace       used 17210K, capacity 17820K, committed 17920K, reserved 1064960K
  class space    used 2378K, capacity 2543K, committed 2560K, reserved 1048576K
}

