# JRE version: Java(TM) SE Runtime Environment (8.0_25-b17) (build 1.8.0_25-b17)
# Java VM: Java HotSpot(TM) 64-Bit Server VM (25.25-b02 mixed mode bsd-amd64 compressed oops)
Heap:
 PSYoungGen      total 16896K, used 2993K [0x00000007aab00000, 0x00000007acb00000, 0x00000007c0000000)
  eden space 16384K, 17% used [0x00000007aab00000,0x00000007aaddc630,0x00000007abb00000)
  from space 512K, 12% used [0x00000007abb00000,0x00000007abb10000,0x00000007abb80000)
  to   space 8192K, 0% used [0x00000007ac300000,0x00000007ac300000,0x00000007acb00000)
 ParOldGen       total 44032K, used 10917K [0x0000000780000000, 0x0000000782b00000, 0x00000007aab00000)
  object space 44032K, 24% used [0x0000000780000000,0x0000000780aa95d8,0x0000000782b00000)
 Metaspace       used 17298K, capacity 17924K, committed 18304K, reserved 1064960K
  class space    used 2409K, capacity 2577K, committed 2688K, reserved 1048576K
GC Heap History (10 events):
Event: 7184.669 GC heap before
{Heap before GC invocations=7 (full 0):
 PSYoungGen      total 24064K, used 18880K [0x00000007aab00000, 0x00000007acb00000, 0x00000007c0000000)
  eden space 16384K, 100% used [0x00000007aab00000,0x00000007abb00000,0x00000007abb00000)
  from space 7680K, 32% used [0x00000007ac380000,0x00000007ac5f0020,0x00000007acb00000)
  to   space 8192K, 0% used [0x00000007abb00000,0x00000007abb00000,0x00000007ac300000)
 ParOldGen       total 44032K, used 8443K [0x0000000780000000, 0x0000000782b00000, 0x00000007aab00000)
  object space 44032K, 19% used [0x0000000780000000,0x000000078083ed28,0x0000000782b00000)
 Metaspace       used 16910K, capacity 17542K, committed 17664K, reserved 1064960K
  class space    used 2375K, capacity 2538K, committed 2560K, reserved 1048576K
Event: 7184.716 GC heap after
Heap after GC invocations=7 (full 0):
 PSYoungGen      total 24576K, used 224K [0x00000007aab00000, 0x00000007acc00000, 0x00000007c0000000)
  eden space 16384K, 0% used [0x00000007aab00000,0x00000007aab00000,0x00000007abb00000)
  from space 8192K, 2% used [0x00000007abb00000,0x00000007abb38000,0x00000007ac300000)
  to   space 8704K, 0% used [0x00000007ac380000,0x00000007ac380000,0x00000007acc00000)
 ParOldGen       total 44032K, used 10725K [0x0000000780000000, 0x0000000782b00000, 0x00000007aab00000)
  object space 44032K, 24% used [0x0000000780000000,0x0000000780a795d8,0x0000000782b00000)
 Metaspace       used 16910K, capacity 17542K, committed 17664K, reserved 1064960K
  class space    used 2375K, capacity 2538K, committed 2560K, reserved 1048576K
}
Event: 7645.252 GC heap before
{Heap before GC invocations=8 (full 0):
 PSYoungGen      total 24576K, used 16608K [0x00000007aab00000, 0x00000007acc00000, 0x00000007c0000000)
  eden space 16384K, 100% used [0x00000007aab00000,0x00000007abb00000,0x00000007abb00000)
  from space 8192K, 2% used [0x00000007abb00000,0x00000007abb38000,0x00000007ac300000)
  to   space 8704K, 0% used [0x00000007ac380000,0x00000007ac380000,0x00000007acc00000)
 ParOldGen       total 44032K, used 10725K [0x0000000780000000, 0x0000000782b00000, 0x00000007aab00000)
  object space 44032K, 24% used [0x0000000780000000,0x0000000780a795d8,0x0000000782b00000)
 Metaspace       used 16910K, capacity 17542K, committed 17664K, reserved 1064960K
  class space    used 2375K, capacity 2538K, committed 2560K, reserved 1048576K
Event: 7645.310 GC heap after
Heap after GC invocations=8 (full 0):
 PSYoungGen      total 25088K, used 64K [0x00000007aab00000, 0x00000007acc00000, 0x00000007c0000000)
  eden space 16384K, 0% used [0x00000007aab00000,0x00000007aab00000,0x00000007abb00000)
  from space 8704K, 0% used [0x00000007ac380000,0x00000007ac390000,0x00000007acc00000)
  to   space 8704K, 0% used [0x00000007abb00000,0x00000007abb00000,0x00000007ac380000)
 ParOldGen       total 44032K, used 10909K [0x0000000780000000, 0x0000000782b00000, 0x00000007aab00000)
  object space 44032K, 24% used [0x0000000780000000,0x0000000780aa75d8,0x0000000782b00000)
 Metaspace       used 16910K, capacity 17542K, committed 17664K, reserved 1064960K
  class space    used 2375K, capacity 2538K, committed 2560K, reserved 1048576K
}
Event: 8511.721 GC heap before
{Heap before GC invocations=9 (full 0):
 PSYoungGen      total 25088K, used 16448K [0x00000007aab00000, 0x00000007acc00000, 0x00000007c0000000)
  eden space 16384K, 100% used [0x00000007aab00000,0x00000007abb00000,0x00000007abb00000)
  from space 8704K, 0% used [0x00000007ac380000,0x00000007ac390000,0x00000007acc00000)
  to   space 8704K, 0% used [0x00000007abb00000,0x00000007abb00000,0x00000007ac380000)
 ParOldGen       total 44032K, used 10909K [0x0000000780000000, 0x0000000782b00000, 0x00000007aab00000)
  object space 44032K, 24% used [0x0000000780000000,0x0000000780aa75d8,0x0000000782b00000)
 Metaspace       used 16910K, capacity 17542K, committed 17664K, reserved 1064960K
  class space    used 2375K, capacity 2538K, committed 2560K, reserved 1048576K
Event: 8511.862 GC heap after
Heap after GC invocations=9 (full 0):
 PSYoungGen      total 25088K, used 64K [0x00000007aab00000, 0x00000007acc00000, 0x00000007c0000000)
  eden space 16384K, 0% used [0x00000007aab00000,0x00000007aab00000,0x00000007abb00000)
  from space 8704K, 0% used [0x00000007abb00000,0x00000007abb10000,0x00000007ac380000)
  to   space 8704K, 0% used [0x00000007ac380000,0x00000007ac380000,0x00000007acc00000)
 ParOldGen       total 44032K, used 10917K [0x0000000780000000, 0x0000000782b00000, 0x00000007aab00000)
  object space 44032K, 24% used [0x0000000780000000,0x0000000780aa95d8,0x0000000782b00000)
 Metaspace       used 16910K, capacity 17542K, committed 17664K, reserved 1064960K
  class space    used 2375K, capacity 2538K, committed 2560K, reserved 1048576K
}
Event: 10179.880 GC heap before
{Heap before GC invocations=10 (full 0):
 PSYoungGen      total 25088K, used 16448K [0x00000007aab00000, 0x00000007acc00000, 0x00000007c0000000)
  eden space 16384K, 100% used [0x00000007aab00000,0x00000007abb00000,0x00000007abb00000)
  from space 8704K, 0% used [0x00000007abb00000,0x00000007abb10000,0x00000007ac380000)
  to   space 8704K, 0% used [0x00000007ac380000,0x00000007ac380000,0x00000007acc00000)
 ParOldGen       total 44032K, used 10917K [0x0000000780000000, 0x0000000782b00000, 0x00000007aab00000)
  object space 44032K, 24% used [0x0000000780000000,0x0000000780aa95d8,0x0000000782b00000)
 Metaspace       used 16910K, capacity 17542K, committed 17664K, reserved 1064960K
  class space    used 2375K, capacity 2538K, committed 2560K, reserved 1048576K
Event: 10180.078 GC heap after
Heap after GC invocations=10 (full 0):
 PSYoungGen      total 25088K, used 96K [0x00000007aab00000, 0x00000007acc00000, 0x00000007c0000000)
  eden space 16384K, 0% used [0x00000007aab00000,0x00000007aab00000,0x00000007abb00000)
  from space 8704K, 1% used [0x00000007ac380000,0x00000007ac398000,0x00000007acc00000)
  to   space 8704K, 0% used [0x00000007abb00000,0x00000007abb00000,0x00000007ac380000)
 ParOldGen       total 44032K, used 10917K [0x0000000780000000, 0x0000000782b00000, 0x00000007aab00000)
  object space 44032K, 24% used [0x0000000780000000,0x0000000780aa95d8,0x0000000782b00000)
 Metaspace       used 16910K, capacity 17542K, committed 17664K, reserved 1064960K
  class space    used 2375K, capacity 2538K, committed 2560K, reserved 1048576K
}
Event: 14423.093 GC heap before
{Heap before GC invocations=11 (full 0):
 PSYoungGen      total 25088K, used 16480K [0x00000007aab00000, 0x00000007acc00000, 0x00000007c0000000)
  eden space 16384K, 100% used [0x00000007aab00000,0x00000007abb00000,0x00000007abb00000)
  from space 8704K, 1% used [0x00000007ac380000,0x00000007ac398000,0x00000007acc00000)
  to   space 8704K, 0% used [0x00000007abb00000,0x00000007abb00000,0x00000007ac380000)
 ParOldGen       total 44032K, used 10917K [0x0000000780000000, 0x0000000782b00000, 0x00000007aab00000)
  object space 44032K, 24% used [0x0000000780000000,0x0000000780aa95d8,0x0000000782b00000)
 Metaspace       used 16910K, capacity 17542K, committed 17664K, reserved 1064960K
  class space    used 2375K, capacity 2538K, committed 2560K, reserved 1048576K
Event: 14423.255 GC heap after
Heap after GC invocations=11 (full 0):
 PSYoungGen      total 16896K, used 64K [0x00000007aab00000, 0x00000007acb00000, 0x00000007c0000000)
  eden space 16384K, 0% used [0x00000007aab00000,0x00000007aab00000,0x00000007abb00000)
  from space 512K, 12% used [0x00000007abb00000,0x00000007abb10000,0x00000007abb80000)
  to   space 8192K, 0% used [0x00000007ac300000,0x00000007ac300000,0x00000007acb00000)
 ParOldGen       total 44032K, used 10917K [0x0000000780000000, 0x0000000782b00000, 0x00000007aab00000)
  object space 44032K, 24% used [0x0000000780000000,0x0000000780aa95d8,0x0000000782b00000)
 Metaspace       used 16910K, capacity 17542K, committed 17664K, reserved 1064960K
  class space    used 2375K, capacity 2538K, committed 2560K, reserved 1048576K
}

